<?xml version="1.0" encoding="UTF-8"?>
<!-- Generated by org.testng.reporters.JUnitReportReporter -->
<testsuite hostname="LAPTOP-9ISNVLCA" failures="0" tests="2" name="testNG.ExtendReportPractice" time="77.197" errors="0" timestamp="2021-11-20T11:22:57 IST" skipped="0">
  <testcase classname="testNG.ExtendReportPractice" name="checkGoogleBrowser" time="50.165"/>
  <system-out/>
  <testcase classname="testNG.ExtendReportPractice" name="verifyTitle" time="27.032"/>
  <system-out/>
</testsuite> <!-- testNG.ExtendReportPractice -->
