<?xml version="1.0" encoding="UTF-8"?>
<!-- Generated by org.testng.reporters.JUnitReportReporter -->
<testsuite hostname="LAPTOP-9ISNVLCA" failures="0" tests="1" name="testNG.HomeLoan" time="0.001" errors="0" timestamp="2021-11-10T12:03:55 IST" skipped="0">
  <testcase classname="testNG.HomeLoan" name="MobileHomeLoan" time="0.001"/>
  <system-out/>
</testsuite> <!-- testNG.HomeLoan -->
