<?xml version="1.0" encoding="UTF-8"?>
<!-- Generated by org.testng.reporters.JUnitReportReporter -->
<testsuite hostname="LAPTOP-9ISNVLCA" failures="0" tests="3" name="testNG.RegularExpressionTestNG" time="0.007" errors="0" timestamp="2021-11-10T11:36:43 IST" skipped="0">
  <testcase classname="testNG.RegularExpressionTestNG" name="mobileHomepage" time="0.005"/>
  <system-out/>
  <testcase classname="testNG.RegularExpressionTestNG" name="mobileRegistration" time="0.001"/>
  <system-out/>
  <testcase classname="testNG.RegularExpressionTestNG" name="mobileLogin" time="0.001"/>
  <system-out/>
</testsuite> <!-- testNG.RegularExpressionTestNG -->
