<?xml version="1.0" encoding="UTF-8"?>
<!-- Generated by org.testng.reporters.JUnitReportReporter -->
<testsuite hostname="LAPTOP-9ISNVLCA" failures="0" tests="1" name="testNGExample.ParameterisationExample" time="0.005" errors="0" timestamp="2021-11-19T11:37:23 IST" skipped="0">
  <testcase classname="testNGExample.ParameterisationExample" name="username" time="0.005"/>
  <system-out/>
</testsuite> <!-- testNGExample.ParameterisationExample -->
