<?xml version="1.0" encoding="UTF-8"?>
<!-- Generated by org.testng.reporters.JUnitReportReporter -->
<testsuite hostname="LAPTOP-9ISNVLCA" failures="0" tests="2" name="testNGpractice.TestEmployeeDetails" time="0.009" errors="0" timestamp="2021-11-19T10:10:04 IST" skipped="0">
  <testcase classname="testNGpractice.TestEmployeeDetails" name="calculateYearlySalary" time="0.001"/>
  <system-out/>
  <testcase classname="testNGpractice.TestEmployeeDetails" name="calculateAppraisal" time="0.008"/>
  <system-out/>
</testsuite> <!-- testNGpractice.TestEmployeeDetails -->
