<?xml version="1.0" encoding="UTF-8"?>
<!-- Generated by org.testng.reporters.JUnitReportReporter -->
<testsuite hostname="LAPTOP-9ISNVLCA" failures="0" tests="1" name="testNGpractice.ExpectedExceptionExample" time="0.009" errors="0" timestamp="2021-11-19T11:07:43 IST" skipped="0">
  <testcase classname="testNGpractice.ExpectedExceptionExample" name="TestExpectedException" time="0.009"/>
  <system-out/>
</testsuite> <!-- testNGpractice.ExpectedExceptionExample -->
