<?xml version="1.0" encoding="UTF-8"?>
<!-- Generated by org.testng.reporters.JUnitReportReporter -->
<testsuite hostname="LAPTOP-9ISNVLCA" failures="0" tests="2" name="testNG.GroupsOnGroups" time="0.006" errors="0" timestamp="2021-11-20T11:24:38 IST" skipped="0">
  <testcase classname="testNG.GroupsOnGroups" name="test2" time="0.001"/>
  <system-out/>
  <testcase classname="testNG.GroupsOnGroups" name="test1" time="0.005"/>
  <system-out/>
</testsuite> <!-- testNG.GroupsOnGroups -->
