<?xml version="1.0" encoding="UTF-8"?>
<!-- Generated by org.testng.reporters.JUnitReportReporter -->
<testsuite hostname="LAPTOP-9ISNVLCA" failures="0" tests="1" name="TakeScreenshotDynamically" time="0.000" errors="0" timestamp="2021-11-20T22:13:32 IST" skipped="1">
  <testcase classname="TakeScreenshotDynamically" name="testLogin" time="0.000">
    <skipped/>
  </testcase> <!-- testLogin -->
  <system-out/>
</testsuite> <!-- TakeScreenshotDynamically -->
