<?xml version="1.0" encoding="UTF-8"?>
<!-- Generated by org.testng.reporters.JUnitReportReporter -->
<testsuite hostname="LAPTOP-9ISNVLCA" failures="0" tests="1" name="dataDrivenTesting.DataProviderExample1" time="0.000" errors="0" timestamp="2021-11-15T23:27:11 IST" skipped="1">
  <testcase classname="dataDrivenTesting.DataProviderExample1" name="loginDetails" time="0.000">
    <skipped/>
  </testcase> <!-- loginDetails -->
  <system-out/>
</testsuite> <!-- dataDrivenTesting.DataProviderExample1 -->
