<?xml version="1.0" encoding="UTF-8"?>
<!-- Generated by org.testng.reporters.JUnitReportReporter -->
<testsuite hostname="LAPTOP-9ISNVLCA" failures="0" tests="1" name="testNG.ParameterisationTestCase" time="0.005" errors="0" timestamp="2021-11-20T11:21:15 IST" skipped="0">
  <testcase classname="testNG.ParameterisationTestCase" name="parameters" time="0.005"/>
  <system-out/>
</testsuite> <!-- testNG.ParameterisationTestCase -->
