<?xml version="1.0" encoding="UTF-8"?>
<!-- Generated by org.testng.reporters.JUnitReportReporter -->
<testsuite hostname="LAPTOP-9ISNVLCA" failures="0" tests="1" name="testNG.IgnoreExample" time="0.005" errors="0" timestamp="2021-11-19T09:35:38 IST" skipped="0">
  <testcase classname="testNG.IgnoreExample" name="test1" time="0.005"/>
  <system-out/>
</testsuite> <!-- testNG.IgnoreExample -->
