<?xml version="1.0" encoding="UTF-8"?>
<!-- Generated by org.testng.reporters.JUnitReportReporter -->
<testsuite hostname="LAPTOP-9ISNVLCA" failures="0" tests="3" name="testNG.TestNGAnnotation" time="0.005" errors="0" timestamp="2021-11-10T12:44:20 IST" skipped="0">
  <testcase classname="testNG.TestNGAnnotation" name="test11" time="0.002"/>
  <system-out/>
  <testcase classname="testNG.TestNGAnnotation" name="test10" time="0.003"/>
  <system-out/>
  <testcase classname="testNG.TestNGAnnotation" name="test12" time="0.000"/>
  <system-out/>
</testsuite> <!-- testNG.TestNGAnnotation -->
