<?xml version="1.0" encoding="UTF-8"?>
<!-- Generated by org.testng.reporters.JUnitReportReporter -->
<testsuite hostname="LAPTOP-9ISNVLCA" failures="0" tests="1" name="testNGpracticeAdactin.LoginCredentialTest" time="7.850" errors="0" timestamp="2021-11-19T20:28:11 IST" skipped="0">
  <testcase classname="testNGpracticeAdactin.LoginCredentialTest" name="toVerifyValidLogin" time="7.850"/>
  <system-out/>
</testsuite> <!-- testNGpracticeAdactin.LoginCredentialTest -->
