<?xml version="1.0" encoding="UTF-8"?>
<!-- Generated by org.testng.reporters.JUnitReportReporter -->
<testsuite hostname="LAPTOP-9ISNVLCA" failures="0" tests="2" name="testNG.IncludeTestExample" time="0.008" errors="0" timestamp="2021-11-10T11:21:11 IST" skipped="0">
  <testcase classname="testNG.IncludeTestExample" name="bikeLoan" time="0.006"/>
  <system-out/>
  <testcase classname="testNG.IncludeTestExample" name="homeLoan" time="0.002"/>
  <system-out/>
</testsuite> <!-- testNG.IncludeTestExample -->
