<?xml version="1.0" encoding="UTF-8"?>
<!-- Generated by org.testng.reporters.JUnitReportReporter -->
<testsuite hostname="LAPTOP-9ISNVLCA" failures="0" tests="2" name="testNG.CarLoan" time="0.001" errors="0" timestamp="2021-11-10T12:10:30 IST" skipped="0">
  <testcase classname="testNG.CarLoan" name="apiCarLoan" time="0.001"/>
  <system-out/>
  <testcase classname="testNG.CarLoan" name="mobileCarLoan" time="0.000"/>
  <system-out/>
</testsuite> <!-- testNG.CarLoan -->
