<?xml version="1.0" encoding="UTF-8"?>
<!-- Generated by org.testng.reporters.JUnitReportReporter -->
<testsuite hostname="LAPTOP-9ISNVLCA" failures="0" tests="1" name="dataDrivenFrameWork.ReadingExcelExample" time="1.598" errors="0" timestamp="2021-11-05T13:14:48 IST" skipped="0">
  <testcase classname="dataDrivenFrameWork.ReadingExcelExample" name="readFromExcel" time="1.598"/>
  <system-out/>
</testsuite> <!-- dataDrivenFrameWork.ReadingExcelExample -->
