<?xml version="1.0" encoding="UTF-8"?>
<!-- Generated by org.testng.reporters.JUnitReportReporter -->
<testsuite hostname="LAPTOP-9ISNVLCA" failures="0" tests="2" name="testNG.ParallelTestIng" time="111.183" errors="0" timestamp="2021-11-19T23:43:25 IST" skipped="0">
  <testcase classname="testNG.ParallelTestIng" name="amazon" time="27.195"/>
  <system-out/>
  <testcase classname="testNG.ParallelTestIng" name="facebook" time="83.988"/>
  <system-out/>
</testsuite> <!-- testNG.ParallelTestIng -->
