<?xml version="1.0" encoding="UTF-8"?>
<!-- Generated by org.testng.reporters.JUnitReportReporter -->
<testsuite hostname="LAPTOP-9ISNVLCA" failures="0" tests="3" name="testNG.IncludeTestExample1" time="0.002" errors="0" timestamp="2021-11-10T11:21:11 IST" skipped="1">
  <testcase classname="testNG.IncludeTestExample1" name="salaryAccount" time="0.001"/>
  <system-out/>
  <testcase classname="testNG.IncludeTestExample1" name="savingsAccount" time="0.001"/>
  <system-out/>
  <testcase classname="testNG.IncludeTestExample1" name="currentAccount">
    <skipped/>
  </testcase> <!-- currentAccount -->
  <system-out/>
</testsuite> <!-- testNG.IncludeTestExample1 -->
