<?xml version="1.0" encoding="UTF-8"?>
<!-- Generated by org.testng.reporters.JUnitReportReporter -->
<testsuite hostname="LAPTOP-9ISNVLCA" failures="0" tests="3" name="testNGpractice.DataProviderExample" time="0.005" errors="0" timestamp="2021-11-19T11:44:44 IST" skipped="0">
  <testcase classname="testNGpractice.DataProviderExample" name="passData" time="0.004"/>
  <system-out/>
  <testcase classname="testNGpractice.DataProviderExample" name="passData" time="0.001"/>
  <system-out/>
  <testcase classname="testNGpractice.DataProviderExample" name="passData" time="0.000"/>
  <system-out/>
</testsuite> <!-- testNGpractice.DataProviderExample -->
