<?xml version="1.0" encoding="UTF-8"?>
<!-- Generated by org.testng.reporters.JUnitReportReporter -->
<testsuite hostname="LAPTOP-9ISNVLCA" failures="0" tests="1" name="testNGpracticeAdactin.CheckOutCheckInDateVerify" time="10.473" errors="0" timestamp="2021-11-19T20:52:45 IST" skipped="0">
  <testcase classname="testNGpracticeAdactin.CheckOutCheckInDateVerify" name="verifyCheckinOut" time="10.473"/>
  <system-out/>
</testsuite> <!-- testNGpracticeAdactin.CheckOutCheckInDateVerify -->
