<?xml version="1.0" encoding="UTF-8"?>
<!-- Generated by org.testng.reporters.JUnitReportReporter -->
<testsuite hostname="LAPTOP-9ISNVLCA" failures="0" tests="1" name="testNG.ParameterSub" time="0.000" errors="0" timestamp="2021-11-10T13:09:51 IST" skipped="0">
  <testcase classname="testNG.ParameterSub" name="subtratc" time="0.000"/>
  <system-out/>
</testsuite> <!-- testNG.ParameterSub -->
