<?xml version="1.0" encoding="UTF-8"?>
<!-- Generated by org.testng.reporters.JUnitReportReporter -->
<testsuite hostname="LAPTOP-9ISNVLCA" failures="0" tests="1" name="testNGpractice.SalutationMessgaeTest" time="0.002" errors="0" timestamp="2021-11-19T10:45:31 IST" skipped="0">
  <testcase classname="testNGpractice.SalutationMessgaeTest" name="salutationTest" time="0.002"/>
  <system-out/>
</testsuite> <!-- testNGpractice.SalutationMessgaeTest -->
