<?xml version="1.0" encoding="UTF-8"?>
<!-- Generated by org.testng.reporters.JUnitReportReporter -->
<testsuite hostname="LAPTOP-9ISNVLCA" failures="0" tests="3" name="testNG.DataProviderExample" time="0.008" errors="0" timestamp="2021-11-20T11:13:58 IST" skipped="0">
  <testcase classname="testNG.DataProviderExample" name="testData" time="0.006"/>
  <system-out/>
  <testcase classname="testNG.DataProviderExample" name="testData" time="0.001"/>
  <system-out/>
  <testcase classname="testNG.DataProviderExample" name="testData" time="0.001"/>
  <system-out/>
</testsuite> <!-- testNG.DataProviderExample -->
