<?xml version="1.0" encoding="UTF-8"?>
<!-- Generated by org.testng.reporters.JUnitReportReporter -->
<testsuite hostname="LAPTOP-9ISNVLCA" failures="0" tests="2" name="testNG.InterviewPractice" time="66.360" errors="0" timestamp="2021-11-05T20:35:33 IST" skipped="0">
  <testcase classname="testNG.InterviewPractice" name="test1" time="33.180"/>
  <system-out/>
  <testcase classname="testNG.InterviewPractice" name="test2" time="33.180"/>
  <system-out/>
</testsuite> <!-- testNG.InterviewPractice -->
