<?xml version="1.0" encoding="UTF-8"?>
<!-- Generated by org.testng.reporters.JUnitReportReporter -->
<testsuite hostname="LAPTOP-9ISNVLCA" failures="0" tests="1" name="testNG.Personal_loan" time="0.006" errors="0" timestamp="2021-11-10T12:10:30 IST" skipped="0">
  <testcase classname="testNG.Personal_loan" name="WebPersonalLoan" time="0.006"/>
  <system-out/>
</testsuite> <!-- testNG.Personal_loan -->
