<?xml version="1.0" encoding="UTF-8"?>
<!-- Generated by org.testng.reporters.JUnitReportReporter -->
<testsuite hostname="LAPTOP-9ISNVLCA" failures="0" tests="2" name="testNGpractice.OrdersOfTestNGAnnotations" time="0.004" errors="0" timestamp="2021-11-19T10:20:46 IST" skipped="0">
  <testcase classname="testNGpractice.OrdersOfTestNGAnnotations" name="test" time="0.003"/>
  <system-out/>
  <testcase classname="testNGpractice.OrdersOfTestNGAnnotations" name="test2" time="0.001"/>
  <system-out/>
</testsuite> <!-- testNGpractice.OrdersOfTestNGAnnotations -->
