<?xml version="1.0" encoding="UTF-8"?>
<!-- Generated by org.testng.reporters.JUnitReportReporter -->
<testsuite hostname="LAPTOP-9ISNVLCA" failures="0" tests="1" name="testNG.ParameterSum" time="0.006" errors="0" timestamp="2021-11-10T13:09:51 IST" skipped="0">
  <testcase classname="testNG.ParameterSum" name="sum" time="0.006"/>
  <system-out/>
</testsuite> <!-- testNG.ParameterSum -->
