<?xml version="1.0" encoding="UTF-8"?>
<!-- Generated by org.testng.reporters.JUnitReportReporter -->
<testsuite hostname="LAPTOP-9ISNVLCA" failures="0" tests="8" name="testNGpractice.GroupExample" time="0.012" errors="0" timestamp="2021-11-19T11:02:46 IST" skipped="0">
  <testcase classname="testNGpractice.GroupExample" name="homepageFunction1" time="0.001"/>
  <system-out/>
  <testcase classname="testNGpractice.GroupExample" name="homepageFunction2" time="0.001"/>
  <system-out/>
  <testcase classname="testNGpractice.GroupExample" name="homepagefunction3" time="0.002"/>
  <system-out/>
  <testcase classname="testNGpractice.GroupExample" name="registrationRegisterButton" time="0.001"/>
  <system-out/>
  <testcase classname="testNGpractice.GroupExample" name="registrationUsername" time="0.000"/>
  <system-out/>
  <testcase classname="testNGpractice.GroupExample" name="homepage" time="0.006"/>
  <system-out/>
  <testcase classname="testNGpractice.GroupExample" name="testRegistrationPage" time="0.001"/>
  <system-out/>
  <testcase classname="testNGpractice.GroupExample" name="registrationPassword" time="0.000"/>
  <system-out/>
</testsuite> <!-- testNGpractice.GroupExample -->
